# debug.log
[2025-03-13 10:15:32] [INFO] Connecting to Apollo at http://apollo-portal-dev.htx.com
[2025-03-13 10:15:35] [INFO] Successfully authenticated
[2025-03-13 10:15:37] [WARNING] Unauthorized access attempt detected from 192.168.1.100
[2025-03-13 10:15:40] [ERROR] Failed to load config for namespace: application
[2025-03-13 10:15:42] [DEBUG] Retrying connection to Apollo...
[2025-03-13 10:15:45] [INFO] Connection successful on retry
[2025-03-13 10:15:50] [INFO] Fetching latest configuration...
[2025-03-13 10:15:55] [INFO] Config received: {"featureFlag": "enabled", "timeout": 5000}
[2025-03-13 10:16:00] [WARNING] High latency detected while querying Apollo
[2025-03-13 10:16:05] [ERROR] Timeout occurred while fetching configs
[2025-03-13 10:16:10] [DEBUG] Switching to backup server
[2025-03-13 10:16:15] [INFO] Successfully switched to backup Apollo server
[2025-03-13 10:16:20] [INFO] Writing configuration to local cache...
[2025-03-13 10:16:25] [INFO] Local cache updated successfully
[2025-03-13 10:16:30] [ERROR] Configuration checksum mismatch detected!
[2025-03-13 10:16:35] [WARNING] Possible config tampering detected
[2025-03-13 10:16:40] [DEBUG] Fetching checksum from Apollo for verification
[2025-03-13 10:16:45] [INFO] Checksum verified, no tampering detected
[2025-03-13 10:16:50] [INFO] Syncing configuration changes...
[2025-03-13 10:16:55] [ERROR] Database connection lost during sync
[2025-03-13 10:17:00] [DEBUG] Reconnecting to database...
[2025-03-13 10:17:05] [INFO] Database connection restored
[2025-03-13 10:17:10] [INFO] Configuration sync completed successfully
[2025-03-13 10:17:15] [WARNING] Unknown API request received from IP: 203.0.113.45
[2025-03-13 10:17:20] [ERROR] Unauthorized modification attempt detected!
[2025-03-13 10:17:25] [DEBUG] Logging event to security system
[2025-03-13 10:17:30] [INFO] Security log updated
[2025-03-13 10:17:35] [WARNING] Multiple failed authentication attempts detected
[2025-03-13 10:17:40] [ERROR] Possible brute force attack in progress!
[2025-03-13 10:17:45] [INFO] Blocking suspicious IP: 203.0.113.45
[2025-03-13 10:17:50] [DEBUG] Updating firewall rules...
[2025-03-13 10:17:55] [INFO] Firewall rules updated successfully
[2025-03-13 10:18:00] [INFO] System monitoring active, waiting for next event...
